[2020-05-18 17:40:41] channel-name.WARNING: Missing "main_category_id" for post "okaycms-30" [] []
[2020-05-18 17:40:41] channel-name.WARNING: Missing "main_category_id" for post "gorod-nyu-jork-new-york-city" [] []
[2020-05-18 17:47:47] channel-name.WARNING: Missing "main_category_id" for post "osnovnye-izmeneniya-v-okaycms-20" [] []
[2020-05-18 18:40:26] channel-name.WARNING: Missing "main_category_id" for post "okaycms-30" [] []
[2020-05-18 18:40:26] channel-name.ERROR: Sql query error: "SQLSTATE[23000]: Integrity constraint violation: 1062 Duplicate entry 'okaycms-30-post' for key 'url_type'" Query trace: PDOStatement->execute();-line 558 Aura\Sql\AbstractExtendedPdo->perform();-line 106 Okay\Core\Database->query();-line 121 Okay\Core\Entity\Entity->add();-line 89 Okay\Core\Routes\Strategies\Post\PrefixAndPathStrategy->generateSlugUrl();-line 115 Okay\Core\Routes\AbstractRoute->generateSlugUrl();-line 367 Okay\Core\Router->generateUrl();-line 40 Okay\Core\SmartyPlugins\Plugins\UrlGenerator->run();-line 61 Okay\Core\SmartyPlugins\Plugin->Okay\Core\SmartyPlugins\{closure}();-line 209 content_5ec29fcc739289_69213636();-line 123 Smarty_Template_Resource_Base->getRenderedTemplateCode();-line 114 Smarty_Template_Compiled->render();-line 216 Smarty_Internal_Template->render();-line 232 Smarty_Internal_TemplateBase->_execute();-line 116 Smarty_Internal_TemplateBase->fetch();-line 2 OkayLicense\License->getHtml();-line 289 Okay\Core\Design->fetch();-line 48 Okay\Admin\Controllers\BlogAdmin->fetch();-line 182  [] []
[2020-05-18 18:40:26] channel-name.WARNING: Missing "main_category_id" for post "gorod-nyu-jork-new-york-city" [] []
[2020-05-18 18:40:26] channel-name.ERROR: Sql query error: "SQLSTATE[23000]: Integrity constraint violation: 1062 Duplicate entry 'gorod-nyu-jork-new-york-city-post' for key 'url_type'" Query trace: PDOStatement->execute();-line 558 Aura\Sql\AbstractExtendedPdo->perform();-line 106 Okay\Core\Database->query();-line 121 Okay\Core\Entity\Entity->add();-line 89 Okay\Core\Routes\Strategies\Post\PrefixAndPathStrategy->generateSlugUrl();-line 115 Okay\Core\Routes\AbstractRoute->generateSlugUrl();-line 367 Okay\Core\Router->generateUrl();-line 40 Okay\Core\SmartyPlugins\Plugins\UrlGenerator->run();-line 61 Okay\Core\SmartyPlugins\Plugin->Okay\Core\SmartyPlugins\{closure}();-line 209 content_5ec29fcc739289_69213636();-line 123 Smarty_Template_Resource_Base->getRenderedTemplateCode();-line 114 Smarty_Template_Compiled->render();-line 216 Smarty_Internal_Template->render();-line 232 Smarty_Internal_TemplateBase->_execute();-line 116 Smarty_Internal_TemplateBase->fetch();-line 2 OkayLicense\License->getHtml();-line 289 Okay\Core\Design->fetch();-line 48 Okay\Admin\Controllers\BlogAdmin->fetch();-line 182  [] []
[2020-05-18 18:40:26] channel-name.WARNING: Missing "main_category_id" for post "osnovnye-izmeneniya-v-okaycms-20" [] []
[2020-05-18 18:40:26] channel-name.ERROR: Sql query error: "SQLSTATE[23000]: Integrity constraint violation: 1062 Duplicate entry 'osnovnye-izmeneniya-v-okaycms-20-post' for key 'url_type'" Query trace: PDOStatement->execute();-line 558 Aura\Sql\AbstractExtendedPdo->perform();-line 106 Okay\Core\Database->query();-line 121 Okay\Core\Entity\Entity->add();-line 89 Okay\Core\Routes\Strategies\Post\PrefixAndPathStrategy->generateSlugUrl();-line 115 Okay\Core\Routes\AbstractRoute->generateSlugUrl();-line 367 Okay\Core\Router->generateUrl();-line 40 Okay\Core\SmartyPlugins\Plugins\UrlGenerator->run();-line 61 Okay\Core\SmartyPlugins\Plugin->Okay\Core\SmartyPlugins\{closure}();-line 209 content_5ec29fcc739289_69213636();-line 123 Smarty_Template_Resource_Base->getRenderedTemplateCode();-line 114 Smarty_Template_Compiled->render();-line 216 Smarty_Internal_Template->render();-line 232 Smarty_Internal_TemplateBase->_execute();-line 116 Smarty_Internal_TemplateBase->fetch();-line 2 OkayLicense\License->getHtml();-line 289 Okay\Core\Design->fetch();-line 48 Okay\Admin\Controllers\BlogAdmin->fetch();-line 182  [] []
[2020-05-18 18:40:26] channel-name.WARNING: Missing "main_category_id" for post "kak-ustanovit-okaycms-20-na-sajt" [] []
[2020-05-18 18:40:26] channel-name.WARNING: Missing "main_category_id" for post "kak-rabotaet-tehpodderzhka-okaycms-20" [] []
[2020-05-18 18:44:12] channel-name.WARNING: Missing "main_category_id" for post "okaycms-30" [] []
[2020-05-18 18:44:12] channel-name.WARNING: Missing "main_category_id" for post "gorod-nyu-jork-new-york-city" [] []
[2020-05-18 18:46:17] channel-name.WARNING: Missing "main_category_id" for post "osnovnye-izmeneniya-v-okaycms-20" [] []
[2020-05-18 18:46:17] channel-name.WARNING: Missing "main_category_id" for post "kak-ustanovit-okaycms-20-na-sajt" [] []
[2020-05-18 18:46:17] channel-name.WARNING: Missing "main_category_id" for post "kak-rabotaet-tehpodderzhka-okaycms-20" [] []
[2020-05-18 19:00:03] channel-name.WARNING: Missing "main_category_id" for post "osnovnye-izmeneniya-v-okaycms-20" [] []
[2020-05-18 19:00:03] channel-name.WARNING: Missing "main_category_id" for post "kak-ustanovit-okaycms-20-na-sajt" [] []
[2020-05-18 19:00:03] channel-name.WARNING: Missing "main_category_id" for post "kak-rabotaet-tehpodderzhka-okaycms-20" [] []
[2020-05-18 19:06:01] channel-name.WARNING: Missing "main_category_id" for post "osnovnye-izmeneniya-v-okaycms-20" [] []
[2020-05-18 19:06:01] channel-name.WARNING: Missing "main_category_id" for post "kak-ustanovit-okaycms-20-na-sajt" [] []
[2020-05-18 19:06:01] channel-name.WARNING: Missing "main_category_id" for post "kak-rabotaet-tehpodderzhka-okaycms-20" [] []
